# JRE version: OpenJDK Runtime Environment (11.0.1+13) (build 11.0.1+13)
# Java VM: OpenJDK 64-Bit Server VM (11.0.1+13, mixed mode, tiered, compressed oops, g1 gc, windows-amd64)
Heap:
 garbage-first heap   total 258048K, used 135932K [0x0000000704a00000, 0x0000000800000000)
  region size 1024K, 106 young (108544K), 14 survivors (14336K)
 Metaspace       used 46123K, capacity 47851K, committed 48000K, reserved 1091584K
  class space    used 5171K, capacity 5919K, committed 6016K, reserved 1048576K
GC Heap History (10 events):
Event: 1.567 GC heap before
{Heap before GC invocations=1 (full 0):
 garbage-first heap   total 258048K, used 29835K [0x0000000704a00000, 0x0000000800000000)
  region size 1024K, 27 young (27648K), 3 survivors (3072K)
 Metaspace       used 20699K, capacity 21159K, committed 21248K, reserved 1069056K
  class space    used 2069K, capacity 2253K, committed 2304K, reserved 1048576K
}
Event: 1.570 GC heap after
{Heap after GC invocations=2 (full 0):
 garbage-first heap   total 258048K, used 7285K [0x0000000704a00000, 0x0000000800000000)
  region size 1024K, 4 young (4096K), 4 survivors (4096K)
 Metaspace       used 20699K, capacity 21159K, committed 21248K, reserved 1069056K
  class space    used 2069K, capacity 2253K, committed 2304K, reserved 1048576K
}
Event: 3.368 GC heap before
{Heap before GC invocations=3 (full 0):
 garbage-first heap   total 258048K, used 51317K [0x0000000704a00000, 0x0000000800000000)
  region size 1024K, 46 young (47104K), 4 survivors (4096K)
 Metaspace       used 32394K, capacity 33321K, committed 33536K, reserved 1079296K
  class space    used 3448K, capacity 3833K, committed 3840K, reserved 1048576K
}
Event: 3.374 GC heap after
{Heap after GC invocations=4 (full 0):
 garbage-first heap   total 258048K, used 12250K [0x0000000704a00000, 0x0000000800000000)
  region size 1024K, 6 young (6144K), 6 survivors (6144K)
 Metaspace       used 32394K, capacity 33321K, committed 33536K, reserved 1079296K
  class space    used 3448K, capacity 3833K, committed 3840K, reserved 1048576K
}
Event: 6.078 GC heap before
{Heap before GC invocations=4 (full 0):
 garbage-first heap   total 258048K, used 24538K [0x0000000704a00000, 0x0000000800000000)
  region size 1024K, 19 young (19456K), 6 survivors (6144K)
 Metaspace       used 34652K, capacity 35718K, committed 35840K, reserved 1081344K
  class space    used 3816K, capacity 4243K, committed 4352K, reserved 1048576K
}
Event: 6.082 GC heap after
{Heap after GC invocations=5 (full 0):
 garbage-first heap   total 258048K, used 14120K [0x0000000704a00000, 0x0000000800000000)
  region size 1024K, 2 young (2048K), 2 survivors (2048K)
 Metaspace       used 34652K, capacity 35718K, committed 35840K, reserved 1081344K
  class space    used 3816K, capacity 4243K, committed 4352K, reserved 1048576K
}
Event: 1346.614 GC heap before
{Heap before GC invocations=6 (full 0):
 garbage-first heap   total 258048K, used 81704K [0x0000000704a00000, 0x0000000800000000)
  region size 1024K, 63 young (64512K), 2 survivors (2048K)
 Metaspace       used 39896K, capacity 41095K, committed 41216K, reserved 1085440K
  class space    used 4311K, capacity 4849K, committed 4864K, reserved 1048576K
}
Event: 1346.618 GC heap after
{Heap after GC invocations=7 (full 0):
 garbage-first heap   total 258048K, used 23683K [0x0000000704a00000, 0x0000000800000000)
  region size 1024K, 7 young (7168K), 7 survivors (7168K)
 Metaspace       used 39896K, capacity 41095K, committed 41216K, reserved 1085440K
  class space    used 4311K, capacity 4849K, committed 4864K, reserved 1048576K
}
Event: 1348.588 GC heap before
{Heap before GC invocations=7 (full 0):
 garbage-first heap   total 258048K, used 129155K [0x0000000704a00000, 0x0000000800000000)
  region size 1024K, 110 young (112640K), 7 survivors (7168K)
 Metaspace       used 43632K, capacity 45219K, committed 45312K, reserved 1089536K
  class space    used 4858K, capacity 5545K, committed 5632K, reserved 1048576K
}
Event: 1348.599 GC heap after
{Heap after GC invocations=8 (full 0):
 garbage-first heap   total 258048K, used 38652K [0x0000000704a00000, 0x0000000800000000)
  region size 1024K, 14 young (14336K), 14 survivors (14336K)
 Metaspace       used 43632K, capacity 45219K, committed 45312K, reserved 1089536K
  class space    used 4858K, capacity 5545K, committed 5632K, reserved 1048576K
}

