# JRE version: OpenJDK Runtime Environment (17.0.2+8) (build 17.0.2+8-86)
# Java VM: OpenJDK 64-Bit Server VM (17.0.2+8-86, mixed mode, sharing, tiered, compressed oops, compressed class ptrs, g1 gc, windows-amd64)
GC Precious Log:
 CPUs: 8 total, 8 available
 Memory: 16082M
 Large Page Support: Disabled
 NUMA Support: Disabled
 Compressed Oops: Enabled (32-bit)
 Heap Region Size: 1M
 Heap Min Capacity: 8M
 Heap Initial Capacity: 8M
 Heap Max Capacity: 2G
 Pre-touch: Disabled
 Parallel Workers: 8
 Concurrent Workers: 2
 Concurrent Refinement Workers: 8
 Periodic GC: Disabled
Heap:
 garbage-first heap   total 75776K, used 47104K [0x0000000080000000, 0x0000000100000000)
  region size 1024K, 12 young (12288K), 2 survivors (2048K)
 Metaspace       used 8143K, committed 8320K, reserved 1064960K
  class space    used 900K, committed 1024K, reserved 1048576K
GC Heap History (20 events):
Event: 0.601 GC heap before
{Heap before GC invocations=11 (full 0):
 garbage-first heap   total 18432K, used 9992K [0x0000000080000000, 0x0000000100000000)
  region size 1024K, 5 young (5120K), 1 survivors (1024K)
 Metaspace       used 8052K, committed 8256K, reserved 1064960K
  class space    used 896K, committed 960K, reserved 1048576K
}
Event: 0.603 GC heap after
{Heap after GC invocations=12 (full 0):
 garbage-first heap   total 18432K, used 8006K [0x0000000080000000, 0x0000000100000000)
  region size 1024K, 1 young (1024K), 1 survivors (1024K)
 Metaspace       used 8052K, committed 8256K, reserved 1064960K
  class space    used 896K, committed 960K, reserved 1048576K
}
Event: 0.625 GC heap before
{Heap before GC invocations=12 (full 0):
 garbage-first heap   total 18432K, used 11078K [0x0000000080000000, 0x0000000100000000)
  region size 1024K, 5 young (5120K), 1 survivors (1024K)
 Metaspace       used 8063K, committed 8256K, reserved 1064960K
  class space    used 897K, committed 960K, reserved 1048576K
}
Event: 0.626 GC heap after
{Heap after GC invocations=13 (full 0):
 garbage-first heap   total 18432K, used 8716K [0x0000000080000000, 0x0000000100000000)
  region size 1024K, 1 young (1024K), 1 survivors (1024K)
 Metaspace       used 8063K, committed 8256K, reserved 1064960K
  class space    used 897K, committed 960K, reserved 1048576K
}
Event: 0.640 GC heap before
{Heap before GC invocations=13 (full 0):
 garbage-first heap   total 18432K, used 10764K [0x0000000080000000, 0x0000000100000000)
  region size 1024K, 4 young (4096K), 1 survivors (1024K)
 Metaspace       used 8067K, committed 8256K, reserved 1064960K
  class space    used 897K, committed 960K, reserved 1048576K
}
Event: 0.641 GC heap after
{Heap after GC invocations=14 (full 0):
 garbage-first heap   total 36864K, used 9371K [0x0000000080000000, 0x0000000100000000)
  region size 1024K, 1 young (1024K), 1 survivors (1024K)
 Metaspace       used 8067K, committed 8256K, reserved 1064960K
  class space    used 897K, committed 960K, reserved 1048576K
}
Event: 0.754 GC heap before
{Heap before GC invocations=14 (full 0):
 garbage-first heap   total 36864K, used 21659K [0x0000000080000000, 0x0000000100000000)
  region size 1024K, 14 young (14336K), 1 survivors (1024K)
 Metaspace       used 8090K, committed 8256K, reserved 1064960K
  class space    used 897K, committed 960K, reserved 1048576K
}
Event: 0.758 GC heap after
{Heap after GC invocations=15 (full 0):
 garbage-first heap   total 36864K, used 12224K [0x0000000080000000, 0x0000000100000000)
  region size 1024K, 2 young (2048K), 2 survivors (2048K)
 Metaspace       used 8090K, committed 8256K, reserved 1064960K
  class space    used 897K, committed 960K, reserved 1048576K
}
Event: 0.848 GC heap before
{Heap before GC invocations=15 (full 0):
 garbage-first heap   total 36864K, used 22464K [0x0000000080000000, 0x0000000100000000)
  region size 1024K, 12 young (12288K), 2 survivors (2048K)
 Metaspace       used 8106K, committed 8256K, reserved 1064960K
  class space    used 897K, committed 960K, reserved 1048576K
}
Event: 0.852 GC heap after
{Heap after GC invocations=16 (full 0):
 garbage-first heap   total 36864K, used 14657K [0x0000000080000000, 0x0000000100000000)
  region size 1024K, 2 young (2048K), 2 survivors (2048K)
 Metaspace       used 8106K, committed 8256K, reserved 1064960K
  class space    used 897K, committed 960K, reserved 1048576K
}
Event: 0.891 GC heap before
{Heap before GC invocations=16 (full 0):
 garbage-first heap   total 36864K, used 22849K [0x0000000080000000, 0x0000000100000000)
  region size 1024K, 11 young (11264K), 2 survivors (2048K)
 Metaspace       used 8109K, committed 8256K, reserved 1064960K
  class space    used 897K, committed 960K, reserved 1048576K
}
Event: 0.894 GC heap after
{Heap after GC invocations=17 (full 0):
 garbage-first heap   total 36864K, used 16840K [0x0000000080000000, 0x0000000100000000)
  region size 1024K, 2 young (2048K), 2 survivors (2048K)
 Metaspace       used 8109K, committed 8256K, reserved 1064960K
  class space    used 897K, committed 960K, reserved 1048576K
}
Event: 0.928 GC heap before
{Heap before GC invocations=17 (full 0):
 garbage-first heap   total 36864K, used 25032K [0x0000000080000000, 0x0000000100000000)
  region size 1024K, 10 young (10240K), 2 survivors (2048K)
 Metaspace       used 8112K, committed 8256K, reserved 1064960K
  class space    used 897K, committed 960K, reserved 1048576K
}
Event: 0.932 GC heap after
{Heap after GC invocations=18 (full 0):
 garbage-first heap   total 66560K, used 19434K [0x0000000080000000, 0x0000000100000000)
  region size 1024K, 2 young (2048K), 2 survivors (2048K)
 Metaspace       used 8112K, committed 8256K, reserved 1064960K
  class space    used 897K, committed 960K, reserved 1048576K
}
Event: 1.012 GC heap before
{Heap before GC invocations=18 (full 0):
 garbage-first heap   total 66560K, used 47082K [0x0000000080000000, 0x0000000100000000)
  region size 1024K, 26 young (26624K), 2 survivors (2048K)
 Metaspace       used 8131K, committed 8320K, reserved 1064960K
  class space    used 900K, committed 1024K, reserved 1048576K
}
Event: 1.021 GC heap after
{Heap after GC invocations=19 (full 0):
 garbage-first heap   total 66560K, used 25600K [0x0000000080000000, 0x0000000100000000)
  region size 1024K, 4 young (4096K), 4 survivors (4096K)
 Metaspace       used 8131K, committed 8320K, reserved 1064960K
  class space    used 900K, committed 1024K, reserved 1048576K
}
Event: 1.195 GC heap before
{Heap before GC invocations=19 (full 0):
 garbage-first heap   total 66560K, used 52224K [0x0000000080000000, 0x0000000100000000)
  region size 1024K, 22 young (22528K), 4 survivors (4096K)
 Metaspace       used 8141K, committed 8320K, reserved 1064960K
  class space    used 900K, committed 1024K, reserved 1048576K
}
Event: 1.206 GC heap after
{Heap after GC invocations=20 (full 0):
 garbage-first heap   total 66560K, used 34988K [0x0000000080000000, 0x0000000100000000)
  region size 1024K, 3 young (3072K), 3 survivors (3072K)
 Metaspace       used 8141K, committed 8320K, reserved 1064960K
  class space    used 900K, committed 1024K, reserved 1048576K
}
Event: 1.271 GC heap before
{Heap before GC invocations=20 (full 0):
 garbage-first heap   total 66560K, used 48300K [0x0000000080000000, 0x0000000100000000)
  region size 1024K, 16 young (16384K), 3 survivors (3072K)
 Metaspace       used 8143K, committed 8320K, reserved 1064960K
  class space    used 900K, committed 1024K, reserved 1048576K
}
Event: 1.279 GC heap after
{Heap after GC invocations=21 (full 0):
 garbage-first heap   total 66560K, used 37888K [0x0000000080000000, 0x0000000100000000)
  region size 1024K, 2 young (2048K), 2 survivors (2048K)
 Metaspace       used 8143K, committed 8320K, reserved 1064960K
  class space    used 900K, committed 1024K, reserved 1048576K
}

